<?xml version="1.0" encoding="UTF-8"?>
<testng-results ignored="0" total="1" passed="1" failed="0" skipped="0">
  <reporter-output>
  </reporter-output>
  <suite started-at="2024-08-16T10:07:02 IST" name="Surefire suite" finished-at="2024-08-16T10:08:15 IST" duration-ms="72862">
    <groups>
    </groups>
    <test started-at="2024-08-16T10:07:02 IST" name="Surefire test" finished-at="2024-08-16T10:08:15 IST" duration-ms="72862">
      <class name="useforjenkins.loginTest">
        <test-method signature="login()[pri:0, instance:useforjenkins.loginTest@27ae2fd0]" started-at="2024-08-16T10:07:02 IST" name="login" finished-at="2024-08-16T10:08:15 IST" duration-ms="72812" status="PASS">
          <reporter-output>
          </reporter-output>
        </test-method> <!-- login -->
      </class> <!-- useforjenkins.loginTest -->
    </test> <!-- Surefire test -->
  </suite> <!-- Surefire suite -->
</testng-results>
