<?xml version="1.0" encoding="UTF-8"?>
<testng-results ignored="0" total="1" passed="1" failed="0" skipped="0">
  <reporter-output>
  </reporter-output>
  <suite started-at="2024-08-16T09:47:01 IST" name="Default suite" finished-at="2024-08-16T09:47:09 IST" duration-ms="8130">
    <groups>
    </groups>
    <test started-at="2024-08-16T09:47:01 IST" name="Default test" finished-at="2024-08-16T09:47:09 IST" duration-ms="8130">
      <class name="useforjenkins.loginfacebook">
        <test-method signature="login()[pri:0, instance:useforjenkins.loginfacebook@70e9c95d]" started-at="2024-08-16T09:47:01 IST" name="login" finished-at="2024-08-16T09:47:09 IST" duration-ms="8056" status="PASS">
          <reporter-output>
          </reporter-output>
        </test-method> <!-- login -->
      </class> <!-- useforjenkins.loginfacebook -->
    </test> <!-- Default test -->
  </suite> <!-- Default suite -->
</testng-results>
